D:\Вчусь\GL\GL_BASE_CAMP\Наслідування\SHOW\DEBUG\SHOW.EXE
D:\Вчусь\GL\GL_BASE_CAMP\Наслідування\SHOW\DEBUG\SHOW.ILK
D:\Вчусь\GL\GL_Base_Camp\Наслідування\show\Debug\show.pdb
D:\Вчусь\GL\GL_Base_Camp\Наслідування\show\show\Debug\cl.command.1.tlog
D:\Вчусь\GL\GL_Base_Camp\Наслідування\show\show\Debug\CL.read.1.tlog
D:\Вчусь\GL\GL_Base_Camp\Наслідування\show\show\Debug\CL.write.1.tlog
D:\Вчусь\GL\GL_Base_Camp\Наслідування\show\show\Debug\link.1692.read.1.tlog
D:\Вчусь\GL\GL_Base_Camp\Наслідування\show\show\Debug\link.1692.write.1.tlog
D:\Вчусь\GL\GL_Base_Camp\Наслідування\show\show\Debug\link.1692-cvtres.read.1.tlog
D:\Вчусь\GL\GL_Base_Camp\Наслідування\show\show\Debug\link.1692-cvtres.write.1.tlog
D:\Вчусь\GL\GL_Base_Camp\Наслідування\show\show\Debug\link.2708.read.1.tlog
D:\Вчусь\GL\GL_Base_Camp\Наслідування\show\show\Debug\link.2708.write.1.tlog
D:\Вчусь\GL\GL_Base_Camp\Наслідування\show\show\Debug\link.2708-cvtres.read.1.tlog
D:\Вчусь\GL\GL_Base_Camp\Наслідування\show\show\Debug\link.2708-cvtres.write.1.tlog
D:\Вчусь\GL\GL_Base_Camp\Наслідування\show\show\Debug\link.3760.read.1.tlog
D:\Вчусь\GL\GL_Base_Camp\Наслідування\show\show\Debug\link.3760.write.1.tlog
D:\Вчусь\GL\GL_Base_Camp\Наслідування\show\show\Debug\link.3760-cvtres.read.1.tlog
D:\Вчусь\GL\GL_Base_Camp\Наслідування\show\show\Debug\link.3760-cvtres.write.1.tlog
D:\Вчусь\GL\GL_Base_Camp\Наслідування\show\show\Debug\link.command.1.tlog
D:\Вчусь\GL\GL_Base_Camp\Наслідування\show\show\Debug\link.read.1.tlog
D:\Вчусь\GL\GL_Base_Camp\Наслідування\show\show\Debug\link.write.1.tlog
D:\Вчусь\GL\GL_Base_Camp\Наслідування\show\show\Debug\link-cvtres.read.1.tlog
D:\Вчусь\GL\GL_Base_Camp\Наслідування\show\show\Debug\link-cvtres.write.1.tlog
D:\Вчусь\GL\GL_Base_Camp\Наслідування\show\show\Debug\mt.command.1.tlog
D:\Вчусь\GL\GL_Base_Camp\Наслідування\show\show\Debug\mt.read.1.tlog
D:\Вчусь\GL\GL_Base_Camp\Наслідування\show\show\Debug\mt.write.1.tlog
D:\Вчусь\GL\GL_Base_Camp\Наслідування\show\show\Debug\rc.command.1.tlog
D:\Вчусь\GL\GL_Base_Camp\Наслідування\show\show\Debug\rc.read.1.tlog
D:\Вчусь\GL\GL_Base_Camp\Наслідування\show\show\Debug\rc.write.1.tlog
D:\Вчусь\GL\GL_BASE_CAMP\Наслідування\SHOW\SHOW\DEBUG\SHOW.EXE.EMBED.MANIFEST
D:\Вчусь\GL\GL_BASE_CAMP\Наслідування\SHOW\SHOW\DEBUG\SHOW.EXE.EMBED.MANIFEST.RES
D:\Вчусь\GL\GL_BASE_CAMP\Наслідування\SHOW\SHOW\DEBUG\SHOW.EXE.INTERMEDIATE.MANIFEST
D:\Вчусь\GL\GL_BASE_CAMP\Наслідування\SHOW\SHOW\DEBUG\SHOW.OBJ
D:\Вчусь\GL\GL_BASE_CAMP\Наслідування\SHOW\SHOW\DEBUG\SHOW.PCH
D:\Вчусь\GL\GL_Base_Camp\Наслідування\show\show\Debug\show_manifest.rc
D:\Вчусь\GL\GL_BASE_CAMP\Наслідування\SHOW\SHOW\DEBUG\STDAFX.OBJ
D:\Вчусь\GL\GL_Base_Camp\Наслідування\show\show\Debug\vc100.idb
D:\Вчусь\GL\GL_Base_Camp\Наслідування\show\show\Debug\vc100.pdb
D:\ВЧУСЬ\GL\GL_BASE_CAMP\НАСЛІДУВАННЯ\SHOW\DEBUG\SHOW.PDB
D:\ВЧУСЬ\GL\GL_BASE_CAMP\НАСЛІДУВАННЯ\SHOW\SHOW\DEBUG\VC100.PDB
